<?xml version="1.0" encoding="UTF-8"?>
<!-- Generated by org.testng.reporters.JUnitReportReporter -->
<testsuite hostname="LAPTOP-KTRJ9C90" failures="0" tests="1" name="e2eproject.ValidTitle" time="0.145" errors="0" timestamp="28 Feb 2021 17:54:31 GMT">
  <testcase classname="e2eproject.ValidTitle" name="basePageNavigation3" time="0.145"/>
</testsuite> <!-- e2eproject.ValidTitle -->
