<?xml version="1.0" encoding="UTF-8"?>
<!-- Generated by org.testng.reporters.JUnitReportReporter -->
<testsuite hostname="LAPTOP-KTRJ9C90" failures="0" tests="2" name="e2eproject.HomePage" time="53.279" errors="0" timestamp="28 Feb 2021 17:54:31 GMT">
  <testcase classname="e2eproject.HomePage" name="basePageNavigation1" time="27.825"/>
  <testcase classname="e2eproject.HomePage" name="basePageNavigation1" time="25.454"/>
</testsuite> <!-- e2eproject.HomePage -->
