<?xml version="1.0" encoding="UTF-8"?>
<!-- Generated by org.testng.reporters.JUnitReportReporter -->
<testsuite hostname="LAPTOP-KTRJ9C90" failures="0" tests="1" name="qatesting.Mavenjava.AppTest" time="0.007" errors="0" timestamp="2021-02-09T02:21:10 IST" skipped="0">
  <testcase classname="qatesting.Mavenjava.AppTest" name="shouldAnswerWithTrue" time="0.007"/>
  <system-out/>
</testsuite> <!-- qatesting.Mavenjava.AppTest -->
