<?xml version="1.0" encoding="UTF-8"?>
<!-- Generated by org.testng.reporters.JUnitReportReporter -->
<testsuite hostname="LAPTOP-KTRJ9C90" failures="0" tests="3" name="package2.Collections" time="0.007" errors="0" timestamp="2021-03-29T23:22:38 IST" skipped="2">
  <testcase classname="package2.Collections" name="frequency" time="0.007"/>
  <system-out/>
  <testcase classname="package2.Collections" name="list1">
    <skipped/>
  </testcase> <!-- list1 -->
  <system-out/>
  <testcase classname="package2.Collections" name="list">
    <skipped/>
  </testcase> <!-- list -->
  <system-out/>
</testsuite> <!-- package2.Collections -->
