<?xml version="1.0" encoding="UTF-8"?>
<!-- Generated by org.testng.reporters.JUnitReportReporter -->
<testsuite hostname="LAPTOP-KTRJ9C90" failures="0" tests="2" name="package2.deloitte" time="0.685" errors="0" timestamp="2021-03-30T00:48:22 IST" skipped="0">
  <testcase classname="package2.deloitte" name="group256" time="0.684"/>
  <system-out/>
  <testcase classname="package2.deloitte" name="listener" time="0.001"/>
  <system-out/>
</testsuite> <!-- package2.deloitte -->
