<?xml version="1.0" encoding="UTF-8"?>
<!-- Generated by org.testng.reporters.JUnitReportReporter -->
<testsuite hostname="LAPTOP-KTRJ9C90" failures="0" tests="1" name="e2eproject.validateNavigation" time="0.069" errors="0" timestamp="2021-02-28T18:38:25 IST" skipped="0">
  <testcase classname="e2eproject.validateNavigation" name="basePageNavigation" time="0.069"/>
  <system-out/>
</testsuite> <!-- e2eproject.validateNavigation -->
