<?xml version="1.0" encoding="UTF-8"?>
<!-- Generated by org.testng.reporters.JUnitReportReporter -->
<testsuite hostname="LAPTOP-KTRJ9C90" failures="0" tests="1" name="e2eproject.ValidateTitle" time="28.097" errors="0" timestamp="2021-02-28T18:31:20 IST" skipped="0">
  <testcase classname="e2eproject.ValidateTitle" name="basePageNavigation" time="28.097"/>
  <system-out/>
</testsuite> <!-- e2eproject.ValidateTitle -->
