<?xml version="1.0" encoding="UTF-8"?>
<!-- Generated by org.testng.reporters.JUnitReportReporter -->
<testsuite hostname="LAPTOP-KTRJ9C90" failures="0" tests="3" name="Practice.day2" time="0.004" errors="0" timestamp="2021-02-12T02:00:26 IST" skipped="0">
  <testcase classname="Practice.day2" name="Demo3day2" time="0.001"/>
  <system-out/>
  <testcase classname="Practice.day2" name="Demo1day2" time="0.002"/>
  <system-out/>
  <testcase classname="Practice.day2" name="Demo2day2" time="0.001"/>
  <system-out/>
</testsuite> <!-- Practice.day2 -->
