<?xml version="1.0" encoding="UTF-8"?>
<!-- Generated by org.testng.reporters.JUnitReportReporter -->
<testsuite hostname="LAPTOP-KTRJ9C90" failures="0" tests="3" name="Practice.day1" time="0.015" errors="0" timestamp="2021-02-12T02:25:21 IST" skipped="0">
  <testcase classname="Practice.day1" name="Demo3" time="0.003"/>
  <system-out/>
  <testcase classname="Practice.day1" name="Demo1" time="0.010"/>
  <system-out/>
  <testcase classname="Practice.day1" name="Demo2" time="0.002"/>
  <system-out/>
</testsuite> <!-- Practice.day1 -->
