<?xml version="1.0" encoding="UTF-8"?>
<!-- Generated by org.testng.reporters.JUnitReportReporter -->
<testsuite hostname="LAPTOP-KTRJ9C90" failures="0" tests="1" name="testcases.LoginApplication" time="4.260" errors="0" timestamp="2021-02-09T14:24:47 IST" skipped="0">
  <testcase classname="testcases.LoginApplication" name="Login" time="4.260"/>
  <system-out/>
</testsuite> <!-- testcases.LoginApplication -->
