<?xml version="1.0" encoding="UTF-8"?>
<!-- Generated by org.testng.reporters.JUnitReportReporter -->
<testsuite hostname="LAPTOP-KTRJ9C90" failures="0" tests="1" name="testcases.guru99" time="5.909" errors="0" timestamp="2021-02-09T15:18:57 IST" skipped="0">
  <testcase classname="testcases.guru99" name="Login" time="5.909"/>
  <system-out/>
</testsuite> <!-- testcases.guru99 -->
