<?xml version="1.0" encoding="UTF-8"?>
<!-- Generated by org.testng.reporters.JUnitReportReporter -->
<testsuite hostname="LAPTOP-KTRJ9C90" failures="0" tests="1" name="qatesting.Mavenjava.ExcelTest" time="0.005" errors="0" timestamp="2021-02-08T20:57:46 IST" skipped="0">
  <testcase classname="qatesting.Mavenjava.ExcelTest" name="apple" time="0.005"/>
  <system-out/>
</testsuite> <!-- qatesting.Mavenjava.ExcelTest -->
